Process:         InputSoftwareCpp [15584]
Path:            /Users/tangyifeng/ClionProjects/InputSoftwareCpp/cmake-build-debug/InputSoftwareCpp
Load Address:    0x107a30000
Identifier:      InputSoftwareCpp
Version:         ???
Code Type:       X86-64
Parent Process:  clion [13371]

Date/Time:       2017-03-21 17:23:38.077 +0800
Launch Time:     2017-03-21 17:23:35.509 +0800
OS Version:      Mac OS X 10.10.5 (14F2109)
Report Version:  7
Analysis Tool:   /Applications/Xcode.app/Contents/Developer/usr/bin/leaks
Analysis Tool Version:  Xcode 7.1.1 (7B1005)
----

leaks Report Version:  2.0
Process 15584: 397 nodes malloced for 41 KB
Process 15584: 34 leaks for 13024 total leaked bytes.
Leak: 0x7f90024057c0  size=32  zone: DefaultMallocZone_0x107a70000
	0x0240a1a0 0x00007f90 0x0240a2e0 0x00007f90 	..@.......@.....
	0x0240a3a0 0x00007f90 0x024073e0 0x00007f90 	..@......s@.....
Leak: 0x7f9002406b00  size=32  zone: DefaultMallocZone_0x107a70000
	0x02805200 0x00007f90 0x02805490 0x00007f90 	.R.......T......
	0x02805600 0x00007f90 0x00000002 0x00000001 	.V..............
Leak: 0x7f9002407270  size=32  zone: DefaultMallocZone_0x107a70000
	0x02806200 0x00007f90 0x028066f8 0x00007f90 	.b.......f......
	0x02806a00 0x00007f90 0x00000001 0x00000000 	.j..............
Leak: 0x7f90024078a0  size=32  zone: DefaultMallocZone_0x107a70000
	0x0280be00 0x00007f90 0x0280ca80 0x00007f90 	................
	0x0280ce20 0x00007f90 0x02407950 0x00007f90 	 .......Py@.....
Leak: 0x7f9002409230  size=32  zone: DefaultMallocZone_0x107a70000
	0x02409820 0x00007f90 0x024098d0 0x00007f90 	 .@.......@.....
	0x02409920 0x00007f90 0x00000000 0x00050000 	 .@.............
Leak: 0x7f9002409820  size=256  zone: DefaultMallocZone_0x107a70000
	0x024099d0 0x00007f90 0x02409810 0x00007f90 	..@.......@.....
	0x02409340 0x00007f90 0x02409290 0x00007f90 	@.@.......@.....
	0x024092f0 0x00007f90 0x024093a0 0x00007f90 	..@.......@.....
	0x024093f0 0x00007f90 0x02409460 0x00007f90 	..@.....`.@.....
	0x024094b0 0x00007f90 0x02409500 0x00007f90 	..@.......@.....
	0x02409550 0x00007f90 0x02409400 0x00007f90 	P.@.......@.....
	0x02409630 0x00007f90 0x02409680 0x00007f90 	0.@.......@.....
	0x024096d0 0x00007f90 0x02409720 0x00007f90 	..@..... .@.....
	...
Leak: 0x7f900240a1a0  size=512  zone: DefaultMallocZone_0x107a70000
	0x02405820 0x00007f90 0x02405880 0x00007f90 	 X@......X@.....
	0x024058d0 0x00007f90 0x02405930 0x00007f90 	.X@.....0Y@.....
	0x02405980 0x00007f90 0x024059b0 0x00007f90 	.Y@......Y@.....
	0x02408940 0x00007f90 0x02408990 0x00007f90 	@.@.......@.....
	0x024089e0 0x00007f90 0x02408ab0 0x00007f90 	..@.......@.....
	0x02409a30 0x00007f90 0x02409a80 0x00007f90 	0.@.......@.....
	0x02409ad0 0x00007f90 0x02409b20 0x00007f90 	..@..... .@.....
	0x02409b70 0x00007f90 0x02409bc0 0x00007f90 	p.@.......@.....
	...
Leak: 0x7f900240a4d0  size=32  zone: DefaultMallocZone_0x107a70000
	0x0240b040 0x00007f90 0x0240b188 0x00007f90 	@.@.......@.....
	0x0240b240 0x00007f90 0x00000000 0x00000000 	@.@.............
Leak: 0x7f900240b040  size=512  zone: DefaultMallocZone_0x107a70000
	0x0240a530 0x00007f90 0x0240a590 0x00007f90 	0.@.......@.....
	0x0240a5e0 0x00007f90 0x0240a640 0x00007f90 	..@.....@.@.....
	0x0240a690 0x00007f90 0x0240a700 0x00007f90 	..@.......@.....
	0x0240a750 0x00007f90 0x0240a7a0 0x00007f90 	P.@.......@.....
	0x0240a7f0 0x00007f90 0x0240a6a0 0x00007f90 	..@.......@.....
	0x0240a8d0 0x00007f90 0x0240a920 0x00007f90 	..@..... .@.....
	0x0240a970 0x00007f90 0x0240a9c0 0x00007f90 	p.@.......@.....
	0x0240aa10 0x00007f90 0x0240aa60 0x00007f90 	..@.....`.@.....
	...
Leak: 0x7f900240b3c0  size=32  zone: DefaultMallocZone_0x107a70000
	0x02801c00 0x00007f90 0x02801e38 0x00007f90 	........8.......
	0x02802000 0x00007f90 0x00000001 0x00000000 	. ..............
Leak: 0x7f900240ba00  size=32  zone: DefaultMallocZone_0x107a70000
	0x02427780 0x00007f90 0x024278a8 0x00007f90 	.wB......xB.....
	0x02427980 0x00007f90 0x0240b8b0 0x00007f90 	.yB.......@.....
Leak: 0x7f900240bf60  size=32  zone: DefaultMallocZone_0x107a70000
	0x0240ccd0 0x00007f90 0x0240cd30 0x00007f90 	..@.....0.@.....
	0x0240bf50 0x00007f90 0x0240bfb0 0x00007f90 	P.@.......@.....
Leak: 0x7f900240bfc0  size=32  zone: DefaultMallocZone_0x107a70000
	0x0240ccd0 0x00007f90 0x0240cd30 0x00007f90 	..@.....0.@.....
	0x0240bf50 0x00007f90 0x0240bfb0 0x00007f90 	P.@.......@.....
Leak: 0x7f900240bfe0  size=32  zone: DefaultMallocZone_0x107a70000
	0x0240ccd0 0x00007f90 0x0240cd30 0x00007f90 	..@.....0.@.....
	0x0240bf50 0x00007f90 0x0240bfb0 0x00007f90 	P.@.......@.....
Leak: 0x7f900240c000  size=32  zone: DefaultMallocZone_0x107a70000
	0x02427e40 0x00007f90 0x02427f10 0x00007f90 	@~B.......B.....
	0x02427f40 0x00007f90 0x0240be30 0x00007f90 	@.B.....0.@.....
Leak: 0x7f900240cc30  size=32  zone: DefaultMallocZone_0x107a70000
	0x0240bfe0 0x00007f90 0x0240c000 0x00007f90 	..@.......@.....
	0x0240c000 0x00007f90 0x00000000 0x00000000 	..@.............
Leak: 0x7f900240cc50  size=32  zone: DefaultMallocZone_0x107a70000
	0x0240bfc0 0x00007f90 0x0240bfe0 0x00007f90 	..@.......@.....
	0x0240bfe0 0x00007f90 0x00000000 0x00050000 	..@.............
Leak: 0x7f900240cc70  size=32  zone: DefaultMallocZone_0x107a70000
	0x0240bf60 0x00007f90 0x0240bf80 0x00007f90 	`.@.......@.....
	0x0240bf80 0x00007f90 0x00000000 0x00000000 	..@.............
Leak: 0x7f9002427780  size=512  zone: DefaultMallocZone_0x107a70000
	0x0240ba60 0x00007f90 0x0240c140 0x00007f90 	`.@.....@.@.....
	0x0240c190 0x00007f90 0x0240c1f0 0x00007f90 	..@.......@.....
	0x0240c240 0x00007f90 0x0240c2b0 0x00007f90 	@.@.......@.....
	0x0240c300 0x00007f90 0x0240c350 0x00007f90 	..@.....P.@.....
	0x0240c3a0 0x00007f90 0x0240c250 0x00007f90 	..@.....P.@.....
	0x0240c480 0x00007f90 0x0240c4d0 0x00007f90 	..@.......@.....
	0x0240c520 0x00007f90 0x0240c570 0x00007f90 	 .@.....p.@.....
	0x0240c5c0 0x00007f90 0x0240c610 0x00007f90 	..@.......@.....
	...
Leak: 0x7f9002427e40  size=256  zone: DefaultMallocZone_0x107a70000
	0x0240c060 0x00007f90 0x0240c0c0 0x00007f90 	`.@.......@.....
	0x0240c110 0x00007f90 0x024279c0 0x00007f90 	..@......yB.....
	0x02427a10 0x00007f90 0x02427a80 0x00007f90 	.zB......zB.....
	0x02427ad0 0x00007f90 0x02427b20 0x00007f90 	.zB..... {B.....
	0x02427b70 0x00007f90 0x02427a20 0x00007f90 	p{B..... zB.....
	0x02427c50 0x00007f90 0x02427ca0 0x00007f90 	P|B......|B.....
	0x02427cf0 0x00007f90 0x02427d40 0x00007f90 	.|B.....@}B.....
	0x02427d90 0x00007f90 0x02427de0 0x00007f90 	.}B......}B.....
	...
Leak: 0x7f9002428190  size=32  zone: DefaultMallocZone_0x107a70000
	0x02805600 0x00007f90 0x02805948 0x00007f90 	.V......HY......
	0x02805a00 0x00007f90 0x00000000 0x00000000 	.Z..............
Leak: 0x7f9002428d00  size=32  zone: DefaultMallocZone_0x107a70000
	0x0242a340 0x00007f90 0x0242a3b8 0x00007f90 	@.B.......B.....
	0x0242a3c0 0x00007f90 0x02428300 0x00007f90 	..B.......B.....
Leak: 0x7f9002429350  size=32  zone: DefaultMallocZone_0x107a70000
	0x024297d0 0x00007f90 0x02429830 0x00007f90 	..B.....0.B.....
	0x02429830 0x00007f90 0x00000000 0x00000000 	0.B.............
Leak: 0x7f9002429370  size=32  zone: DefaultMallocZone_0x107a70000
	0x024296a0 0x00007f90 0x02429700 0x00007f90 	..B.......B.....
	0x02429720 0x00007f90 0x00000000 0x00000000 	 .B.............
Leak: 0x7f90024296a0  size=128  zone: DefaultMallocZone_0x107a70000
	0x024293d0 0x00007f90 0x02429430 0x00007f90 	..B.....0.B.....
	0x02429480 0x00007f90 0x024294e0 0x00007f90 	..B.......B.....
	0x02429530 0x00007f90 0x024295a0 0x00007f90 	0.B.......B.....
	0x024295f0 0x00007f90 0x02429640 0x00007f90 	..B.....@.B.....
	0x02429690 0x00007f90 0x02429540 0x00007f90 	..B.....@.B.....
	0x02429770 0x00007f90 0x024297c0 0x00007f90 	p.B.......B.....
	0x00000000 0x00000000 0x00000000 0x00000000 	................
	0x00000000 0x00000000 0x00000000 0x00000000 	................
Leak: 0x7f90024297d0  size=96  zone: DefaultMallocZone_0x107a70000
	0x024293d0 0x00007f90 0x02429430 0x00007f90 	..B.....0.B.....
	0x02429480 0x00007f90 0x024294e0 0x00007f90 	..B.......B.....
	0x02429530 0x00007f90 0x024295a0 0x00007f90 	0.B.......B.....
	0x024295f0 0x00007f90 0x02429640 0x00007f90 	..B.....@.B.....
	0x02429690 0x00007f90 0x02429540 0x00007f90 	..B.....@.B.....
	0x02429770 0x00007f90 0x024297c0 0x00007f90 	p.B.......B.....
Leak: 0x7f9002429830  size=32  zone: DefaultMallocZone_0x107a70000
	0x02429e20 0x00007f90 0x02429f00 0x00007f90 	 .B.......B.....
	0x02429f20 0x00007f90 0x00000000 0x00000000 	 .B.............
Leak: 0x7f9002429e20  size=256  zone: DefaultMallocZone_0x107a70000
	0x02429890 0x00007f90 0x024298f0 0x00007f90 	..B.......B.....
	0x02429940 0x00007f90 0x024299a0 0x00007f90 	@.B.......B.....
	0x024299f0 0x00007f90 0x02429a60 0x00007f90 	..B.....`.B.....
	0x02429ab0 0x00007f90 0x02429b00 0x00007f90 	..B.......B.....
	0x02429b50 0x00007f90 0x02429a00 0x00007f90 	P.B.......B.....
	0x02429c30 0x00007f90 0x02429c80 0x00007f90 	0.B.......B.....
	0x02429cd0 0x00007f90 0x02429d20 0x00007f90 	..B..... .B.....
	0x02429d70 0x00007f90 0x02429dc0 0x00007f90 	p.B.......B.....
	...
Leak: 0x7f900242a340  size=128  zone: DefaultMallocZone_0x107a70000
	0x0242a460 0x00007f90 0x02428d60 0x00007f90 	`.B.....`.B.....
	0x02428dc0 0x00007f90 0x02428e10 0x00007f90 	..B.......B.....
	0x02428e70 0x00007f90 0x02428ec0 0x00007f90 	p.B.......B.....
	0x02428ef0 0x00007f90 0x0242a290 0x00007f90 	..B.......B.....
	0x0242a2e0 0x00007f90 0x0242a330 0x00007f90 	..B.....0.B.....
	0x0242a210 0x00007f90 0x0242a410 0x00007f90 	..B.......B.....
	0x0242a4b0 0x00007f90 0x0242a500 0x00007f90 	..B.......B.....
	0x0242a550 0x00007f90 0x00000000 0x00000000 	P.B.............
Leak: 0x7f9002801c00  size=1024  zone: DefaultMallocZone_0x107a70000
	0x0240b420 0x00007f90 0x0240b480 0x00007f90 	 .@.......@.....
	0x0240b4d0 0x00007f90 0x0240b530 0x00007f90 	..@.....0.@.....
	0x0240b580 0x00007f90 0x0240b5f0 0x00007f90 	..@.......@.....
	0x0240b640 0x00007f90 0x0240b690 0x00007f90 	@.@.......@.....
	0x0240b6e0 0x00007f90 0x0240b590 0x00007f90 	..@.......@.....
	0x0240b7c0 0x00007f90 0x0240b810 0x00007f90 	..@.......@.....
	0x0240b860 0x00007f90 0x0240b8b0 0x00007f90 	`.@.......@.....
	0x0240b900 0x00007f90 0x0240b950 0x00007f90 	..@.....P.@.....
	...
Leak: 0x7f9002805200  size=1024  zone: DefaultMallocZone_0x107a70000
	0x024099d0 0x00007f90 0x02409810 0x00007f90 	..@.......@.....
	0x02409340 0x00007f90 0x02407ec0 0x00007f90 	@.@......~@.....
	0x02407f10 0x00007f90 0x02407f80 0x00007f90 	..@.......@.....
	0x02407fd0 0x00007f90 0x02408020 0x00007f90 	..@..... .@.....
	0x02408070 0x00007f90 0x02407f20 0x00007f90 	p.@..... .@.....
	0x02408150 0x00007f90 0x024081a0 0x00007f90 	P.@.......@.....
	0x024081f0 0x00007f90 0x02408240 0x00007f90 	..@.....@.@.....
	0x02408290 0x00007f90 0x024082e0 0x00007f90 	..@.......@.....
	...
Leak: 0x7f9002805600  size=1024  zone: DefaultMallocZone_0x107a70000
	0x0242a460 0x00007f90 0x02428250 0x00007f90 	`.B.....P.B.....
	0x024282a0 0x00007f90 0x02428300 0x00007f90 	..B.......B.....
	0x02428350 0x00007f90 0x024283c0 0x00007f90 	P.B.......B.....
	0x02428410 0x00007f90 0x02428460 0x00007f90 	..B.....`.B.....
	0x024284b0 0x00007f90 0x02428360 0x00007f90 	..B.....`.B.....
	0x02428590 0x00007f90 0x024285e0 0x00007f90 	..B.......B.....
	0x02428630 0x00007f90 0x02428680 0x00007f90 	0.B.......B.....
	0x024286d0 0x00007f90 0x02428720 0x00007f90 	..B..... .B.....
	...
Leak: 0x7f9002806200  size=2048  zone: DefaultMallocZone_0x107a70000
	0x024099d0 0x00007f90 0x02409810 0x00007f90 	..@.......@.....
	0x02409340 0x00007f90 0x024073e0 0x00007f90 	@.@......s@.....
	0x02407430 0x00007f90 0x024074a0 0x00007f90 	0t@......t@.....
	0x024074f0 0x00007f90 0x02407540 0x00007f90 	.t@.....@u@.....
	0x02407590 0x00007f90 0x02407440 0x00007f90 	.u@.....@t@.....
	0x02407670 0x00007f90 0x024076c0 0x00007f90 	pv@......v@.....
	0x02407710 0x00007f90 0x02407760 0x00007f90 	.w@.....`w@.....
	0x024077b0 0x00007f90 0x02407930 0x00007f90 	.w@.....0y@.....
	...
Leak: 0x7f900280be00  size=4608  zone: DefaultMallocZone_0x107a70000
	0x024099d0 0x00007f90 0x02409810 0x00007f90 	..@.......@.....
	0x02409340 0x00007f90 0x02405170 0x00007f90 	@.@.....pQ@.....
	0x02404fe0 0x00007f90 0x024052d0 0x00007f90 	.O@......R@.....
	0x02405320 0x00007f90 0x02405370 0x00007f90 	 S@.....pS@.....
	0x02405130 0x00007f90 0x024050f0 0x00007f90 	0Q@......P@.....
	0x024055e0 0x00007f90 0x02405630 0x00007f90 	.U@.....0V@.....
	0x02405680 0x00007f90 0x024056d0 0x00007f90 	.V@......V@.....
	0x02405720 0x00007f90 0x02405770 0x00007f90 	 W@.....pW@.....
	...
